<?xml version="1.0" encoding="UTF-8"?>
<!-- Generated by org.testng.reporters.JUnitReportReporter -->
<testsuite skipped="3" hostname="PMUFTWIN101" name="package2.Class2" tests="3" failures="0" timestamp="13 Nov 2018 12:41:39 GMT" time="0.000" errors="0">
  <testcase name="method2_in_Class2_in_package2" time="0.000" classname="package2.Class2">
    <skipped/>
  </testcase> <!-- method2_in_Class2_in_package2 -->
  <testcase name="method1_in_Class2_in_package2" time="0.000" classname="package2.Class2">
    <skipped/>
  </testcase> <!-- method1_in_Class2_in_package2 -->
  <testcase name="method3_in_Class2_in_package2" time="0.000" classname="package2.Class2">
    <skipped/>
  </testcase> <!-- method3_in_Class2_in_package2 -->
</testsuite> <!-- package2.Class2 -->
